SQL> -- ASSIGNMET ON WHERE CLAUSE
SQL> -- 1. WAQTD THE ANNUAL SALARY OF THE EMPLOYEE WHOSE NAME IS SMITH .
SQL> SELECT SAL
  2  FROM EMP
  3  WHERE ENAME = 'SMITH' ;

       SAL                                                                                                                                                                                              
----------                                                                                                                                                                                              
       800                                                                                                                                                                                              

SQL> SELECT SAL * 12 "ANNUAL SALARY"
  2  FROM EMP
  3  WHERE ENAME  = 'SMITH'
  4  ;

ANNUAL SALARY                                                                                                                                                                                           
-------------                                                                                                                                                                                           
         9600                                                                                                                                                                                           

SQL> -- 2. WAQTD NAME OF THE EMPLOYEES WORKING WORKING AS CLERK.
SQL> SELECT ENAME
  2  FROM EMP
  3  WHERE JOB = 'CLERK' ;

ENAME                                                                                                                                                                                                   
----------                                                                                                                                                                                              
SMITH                                                                                                                                                                                                   
ADAMS                                                                                                                                                                                                   
JAMES                                                                                                                                                                                                   
MILLER                                                                                                                                                                                                  

SQL> -- 3. WAQTD SALARY OF THE EMPLOYEE WHO ARE WORKING AS SALESMAN .
SQL> SELECT SAL
  2  FROM EMP
  3  WHERE JOB = 'SALESMAN' ;

       SAL                                                                                                                                                                                              
----------                                                                                                                                                                                              
      1600                                                                                                                                                                                              
      1250                                                                                                                                                                                              
      1250                                                                                                                                                                                              
      1500                                                                                                                                                                                              

SQL> -- 4. WAQT DETAILS DETAILS OF ALL THE EMP WHO EARNS MORE THAN 2000 .
SQL> SELECT *
  2  FROM EMP
  3  WHERE SAL > 2000 ;

     EMPNO ENAME      JOB              MGR HIREDATE         SAL       COMM     DEPTNO                                                                                                                   
---------- ---------- --------- ---------- --------- ---------- ---------- ----------                                                                                                                   
      7566 JONES      MANAGER         7839 02-APR-81       2975                    20                                                                                                                   
      7698 BLAKE      MANAGER         7839 01-MAY-81       2850                    30                                                                                                                   
      7782 CLARK      MANAGER         7839 09-JUN-81       2450                    10                                                                                                                   
      7788 SCOTT      ANALYST         7566 19-APR-87       3000                    20                                                                                                                   
      7839 KING       PRESIDENT            17-NOV-81       5000                    10                                                                                                                   
      7902 FORD       ANALYST         7566 03-DEC-81       3000                    20                                                                                                                   

6 rows selected.

SQL> -- 5. WAQTD DETAILS OF THE EMP WHOSE NAME IS JONES
SQL> SELECT *
  2  FROM EMP
  3  WHERE ENAME = 'JONES'
  4  ;

     EMPNO ENAME      JOB              MGR HIREDATE         SAL       COMM     DEPTNO                                                                                                                   
---------- ---------- --------- ---------- --------- ---------- ---------- ----------                                                                                                                   
      7566 JONES      MANAGER         7839 02-APR-81       2975                    20                                                                                                                   

SQL> --6 . WAQTD DETAILS OF THE EMP WHO HIRED AFTER 01-JAN-81 .
SQL> SELECT *
  2  FROM EMP
  3  WHERE HIREDATE > '01-JAN-81' ;

     EMPNO ENAME      JOB              MGR HIREDATE         SAL       COMM     DEPTNO                                                                                                                   
---------- ---------- --------- ---------- --------- ---------- ---------- ----------                                                                                                                   
      7499 ALLEN      SALESMAN        7698 20-FEB-81       1600        300         30                                                                                                                   
      7521 WARD       SALESMAN        7698 22-FEB-81       1250        500         30                                                                                                                   
      7566 JONES      MANAGER         7839 02-APR-81       2975                    20                                                                                                                   
      7654 MARTIN     SALESMAN        7698 28-SEP-81       1250       1400         30                                                                                                                   
      7698 BLAKE      MANAGER         7839 01-MAY-81       2850                    30                                                                                                                   
      7782 CLARK      MANAGER         7839 09-JUN-81       2450                    10                                                                                                                   
      7788 SCOTT      ANALYST         7566 19-APR-87       3000                    20                                                                                                                   
      7839 KING       PRESIDENT            17-NOV-81       5000                    10                                                                                                                   
      7844 TURNER     SALESMAN        7698 08-SEP-81       1500          0         30                                                                                                                   
      7876 ADAMS      CLERK           7788 23-MAY-87       1100                    20                                                                                                                   
      7900 JAMES      CLERK           7698 03-DEC-81        950                    30                                                                                                                   
      7902 FORD       ANALYST         7566 03-DEC-81       3000                    20                                                                                                                   
      7934 MILLER     CLERK           7782 23-JAN-82       1300                    10                                                                                                                   

13 rows selected.

SQL> -- 7. WAQTD NAME AND SAL ALONG WITH HIS ANNUAL SALARY IF THE ANNUAL SALARY IS MORE THAN 12,000 .
SQL> SELECGT SAL , SAL * 12 "ANNUAL SALARY"
SP2-0734: unknown command beginning "SELECGT SA..." - rest of line ignored.
SQL> SELECT SAL , SAL * 12 "ANNUAL SALARY"
  2  FROM EMP
  3  WHERE "ANNUAL SALARY" > 12000 ;
WHERE "ANNUAL SALARY" > 12000 
      *
ERROR at line 3:
ORA-00904: "ANNUAL SALARY": invalid identifier 


SQL>  SELECT SAL , SAL * 12 "ANNUAL SALARY"
  2   FROM EMP
  3  WHERE SAL *12 > 12000 ;

       SAL ANNUAL SALARY                                                                                                                                                                                
---------- -------------                                                                                                                                                                                
      1600         19200                                                                                                                                                                                
      1250         15000                                                                                                                                                                                
      2975         35700                                                                                                                                                                                
      1250         15000                                                                                                                                                                                
      2850         34200                                                                                                                                                                                
      2450         29400                                                                                                                                                                                
      3000         36000                                                                                                                                                                                
      5000         60000                                                                                                                                                                                
      1500         18000                                                                                                                                                                                
      1100         13200                                                                                                                                                                                
      3000         36000                                                                                                                                                                                
      1300         15600                                                                                                                                                                                

12 rows selected.

SQL>   -- 8. WAQTD EMPNO OF THE EMPLOYEES WHO WORKING IN DEPT 30 .
SQL> SELECT EMPNO
  2  FROM EMP
  3  WHERE DEPTNO = 30 ;

     EMPNO                                                                                                                                                                                              
----------                                                                                                                                                                                              
      7499                                                                                                                                                                                              
      7521                                                                                                                                                                                              
      7654                                                                                                                                                                                              
      7698                                                                                                                                                                                              
      7844                                                                                                                                                                                              
      7900                                                                                                                                                                                              

6 rows selected.

SQL> -- 9. WAQTD ENAME AND HIREDATE IF THEY ARE HIRED BEFORE 1981 .
SQL> SELECT ENAME , HIREDATE
  2  FROM EMP
  3  WHERE HIREDATE < '01-JAN-81' ;

ENAME      HIREDATE                                                                                                                                                                                     
---------- ---------                                                                                                                                                                                    
SMITH      17-DEC-80                                                                                                                                                                                    

SQL> -- 10 . WAQTD DETAILS OF THE EMP WORKING AS MANAGER .
SQL> SELECT *
  2  FROM EMP
  3  WHERE JOB = 'MANAGER' ;

     EMPNO ENAME      JOB              MGR HIREDATE         SAL       COMM     DEPTNO                                                                                                                   
---------- ---------- --------- ---------- --------- ---------- ---------- ----------                                                                                                                   
      7566 JONES      MANAGER         7839 02-APR-81       2975                    20                                                                                                                   
      7698 BLAKE      MANAGER         7839 01-MAY-81       2850                    30                                                                                                                   
      7782 CLARK      MANAGER         7839 09-JUN-81       2450                    10                                                                                                                   

SQL> --11. WAQTD NAME AND SALARY GIVEN TO AN EMPLOYEE IF THE EMPLOYEE EARNS COMMISION MORE THAN RS 1-- 1400 .
SQL> SELECT ENAME , SAL
  2  FROM EMP
  3  WHERE COMM > 1400 ;

no rows selected

SQL> -- 12. WAQTD DETAILS OF THE EMP HAVING COMMISSION MORE THAN SALARY .
SQL> SELECT *
  2  FROM EMP
  3  WHERE COMM > SAL ;

     EMPNO ENAME      JOB              MGR HIREDATE         SAL       COMM     DEPTNO                                                                                                                   
---------- ---------- --------- ---------- --------- ---------- ---------- ----------                                                                                                                   
      7654 MARTIN     SALESMAN        7698 28-SEP-81       1250       1400         30                                                                                                                   

SQL> -- 13. WAQTD EMPNO OF EMPLOYEES HIRED BEFORE YEAR 87 .
SQL> SELECT EMPNO
  2  FROM EMP
  3  WHERE HIREDATE < "01-JAN-87' ;
ERROR:
ORA-01740: missing double quote in identifier 


SQL> SELECT EMPNO
  2  FROM EMP
  3  WHERE HIREDATE < '01-JAN-87' ;

     EMPNO                                                                                                                                                                                              
----------                                                                                                                                                                                              
      7369                                                                                                                                                                                              
      7499                                                                                                                                                                                              
      7521                                                                                                                                                                                              
      7566                                                                                                                                                                                              
      7654                                                                                                                                                                                              
      7698                                                                                                                                                                                              
      7782                                                                                                                                                                                              
      7839                                                                                                                                                                                              
      7844                                                                                                                                                                                              
      7900                                                                                                                                                                                              
      7902                                                                                                                                                                                              
      7934                                                                                                                                                                                              

12 rows selected.

SQL> -- 14. WAQTD DETAILS OF THE EMP WORKING AS AN ANALYST
SQL> SELECT *
  2  FROM EMP
  3  WHERE JOB = 'ANALYST' ;

     EMPNO ENAME      JOB              MGR HIREDATE         SAL       COMM     DEPTNO                                                                                                                   
---------- ---------- --------- ---------- --------- ---------- ---------- ----------                                                                                                                   
      7788 SCOTT      ANALYST         7566 19-APR-87       3000                    20                                                                                                                   
      7902 FORD       ANALYST         7566 03-DEC-81       3000                    20                                                                                                                   

SQL> --15. WAQTD DETAILS OF THE EMP EARNING MORE THAN 2000 RUPEES PER MONTH
SQL> SELECT *
  2  FROM EMP
  3  WHERE SAL > 2000 ;

     EMPNO ENAME      JOB              MGR HIREDATE         SAL       COMM     DEPTNO                                                                                                                   
---------- ---------- --------- ---------- --------- ---------- ---------- ----------                                                                                                                   
      7566 JONES      MANAGER         7839 02-APR-81       2975                    20                                                                                                                   
      7698 BLAKE      MANAGER         7839 01-MAY-81       2850                    30                                                                                                                   
      7782 CLARK      MANAGER         7839 09-JUN-81       2450                    10                                                                                                                   
      7788 SCOTT      ANALYST         7566 19-APR-87       3000                    20                                                                                                                   
      7839 KING       PRESIDENT            17-NOV-81       5000                    10                                                                                                                   
      7902 FORD       ANALYST         7566 03-DEC-81       3000                    20                                                                                                                   

6 rows selected.

SQL> -- ASSIGNMENT 2 COMPLETED SUCCESSFULLY -- .
SQL> SPOOL OFF
