SQL> SELECT *
  2  FROM EMP ;

     EMPNO ENAME      JOB              MGR HIREDATE         SAL       COMM     DEPTNO                                                                                                                   
---------- ---------- --------- ---------- --------- ---------- ---------- ----------                                                                                                                   
      7369 SMITH      CLERK           7902 17-DEC-80        800                    20                                                                                                                   
      7499 ALLEN      SALESMAN        7698 20-FEB-81       1600        300         30                                                                                                                   
      7521 WARD       SALESMAN        7698 22-FEB-81       1250        500         30                                                                                                                   
      7566 JONES      MANAGER         7839 02-APR-81       2975                    20                                                                                                                   
      7654 MARTIN     SALESMAN        7698 28-SEP-81       1250       1400         30                                                                                                                   
      7698 BLAKE      MANAGER         7839 01-MAY-81       2850                    30                                                                                                                   
      7782 CLARK      MANAGER         7839 09-JUN-81       2450                    10                                                                                                                   
      7788 SCOTT      ANALYST         7566 19-APR-87       3000                    20                                                                                                                   
      7839 KING       PRESIDENT            17-NOV-81       5000                    10                                                                                                                   
      7844 TURNER     SALESMAN        7698 08-SEP-81       1500          0         30                                                                                                                   
      7876 ADAMS      CLERK           7788 23-MAY-87       1100                    20                                                                                                                   
      7900 JAMES      CLERK           7698 03-DEC-81        950                    30                                                                                                                   
      7902 FORD       ANALYST         7566 03-DEC-81       3000                    20                                                                                                                   
      7934 MILLER     CLERK           7782 23-JAN-82       1300                    10                                                                                                                   

14 rows selected.

SQL> SELECT *
  2  FROM DEPT ;

    DEPTNO DNAME          LOC                                                                                                                                                                           
---------- -------------- -------------                                                                                                                                                                 
        10 ACCOUNTING     NEW YORK                                                                                                                                                                      
        20 RESEARCH       DALLAS                                                                                                                                                                        
        30 SALES          CHICAGO                                                                                                                                                                       
        40 OPERATIONS     BOSTON                                                                                                                                                                        

SQL> SELECT ENAME
  2  FROM EMP ;

ENAME                                                                                                                                                                                                   
----------                                                                                                                                                                                              
SMITH                                                                                                                                                                                                   
ALLEN                                                                                                                                                                                                   
WARD                                                                                                                                                                                                    
JONES                                                                                                                                                                                                   
MARTIN                                                                                                                                                                                                  
BLAKE                                                                                                                                                                                                   
CLARK                                                                                                                                                                                                   
SCOTT                                                                                                                                                                                                   
KING                                                                                                                                                                                                    
TURNER                                                                                                                                                                                                  
ADAMS                                                                                                                                                                                                   
JAMES                                                                                                                                                                                                   
FORD                                                                                                                                                                                                    
MILLER                                                                                                                                                                                                  

14 rows selected.

SQL> SELEECT DNAME
SP2-0734: unknown command beginning "SELEECT DN..." - rest of line ignored.
SQL> SELECT DNAME
  2  FROM DEPT ;

DNAME                                                                                                                                                                                                   
--------------                                                                                                                                                                                          
ACCOUNTING                                                                                                                                                                                              
RESEARCH                                                                                                                                                                                                
SALES                                                                                                                                                                                                   
OPERATIONS                                                                                                                                                                                              

SQL> SELECT ENAME , JOB
  2  , SAL FROM
  3  EMP ;

ENAME      JOB              SAL                                                                                                                                                                         
---------- --------- ----------                                                                                                                                                                         
SMITH      CLERK            800                                                                                                                                                                         
ALLEN      SALESMAN        1600                                                                                                                                                                         
WARD       SALESMAN        1250                                                                                                                                                                         
JONES      MANAGER         2975                                                                                                                                                                         
MARTIN     SALESMAN        1250                                                                                                                                                                         
BLAKE      MANAGER         2850                                                                                                                                                                         
CLARK      MANAGER         2450                                                                                                                                                                         
SCOTT      ANALYST         3000                                                                                                                                                                         
KING       PRESIDENT       5000                                                                                                                                                                         
TURNER     SALESMAN        1500                                                                                                                                                                         
ADAMS      CLERK           1100                                                                                                                                                                         
JAMES      CLERK            950                                                                                                                                                                         
FORD       ANALYST         3000                                                                                                                                                                         
MILLER     CLERK           1300                                                                                                                                                                         

14 rows selected.

SQL> -- WAQTD UNIQUE JOB AND UNIQUE SALARY OF EMPLOYEE
SQL> SELECT DISTINCT JOB , DISTINCT SAL
  2  FROM EMP ;
SELECT DISTINCT JOB , DISTINCT SAL
                      *
ERROR at line 1:
ORA-00936: missing expression 


SQL> SELECT DISTINCT JOB,SAL
  2  FROM EMP ;

JOB              SAL                                                                                                                                                                                    
--------- ----------                                                                                                                                                                                    
CLERK           1300                                                                                                                                                                                    
SALESMAN        1600                                                                                                                                                                                    
SALESMAN        1250                                                                                                                                                                                    
CLERK            950                                                                                                                                                                                    
CLERK            800                                                                                                                                                                                    
MANAGER         2450                                                                                                                                                                                    
PRESIDENT       5000                                                                                                                                                                                    
ANALYST         3000                                                                                                                                                                                    
MANAGER         2850                                                                                                                                                                                    
MANAGER         2975                                                                                                                                                                                    
SALESMAN        1500                                                                                                                                                                                    
CLERK           1100                                                                                                                                                                                    

12 rows selected.

SQL> -- MUTIPLE DISTINCT KABHI USE NHI HOTA HAI.
SQL> SELECT DISTINCT SAL , JOB
  2  FROM EMP ;

       SAL JOB                                                                                                                                                                                          
---------- ---------                                                                                                                                                                                    
       800 CLERK                                                                                                                                                                                        
      2850 MANAGER                                                                                                                                                                                      
      1500 SALESMAN                                                                                                                                                                                     
      2975 MANAGER                                                                                                                                                                                      
      2450 MANAGER                                                                                                                                                                                      
      1300 CLERK                                                                                                                                                                                        
      1250 SALESMAN                                                                                                                                                                                     
      1100 CLERK                                                                                                                                                                                        
      3000 ANALYST                                                                                                                                                                                      
       950 CLERK                                                                                                                                                                                        
      1600 SALESMAN                                                                                                                                                                                     
      5000 PRESIDENT                                                                                                                                                                                    

12 rows selected.

SQL> -- EXPRESSIONS
SQL> -- WAQTD ANNUAL SALARY OF THE EMPLOYEE
SQL> SELECT SAL * 12
  2  FROM EMP ;

    SAL*12                                                                                                                                                                                              
----------                                                                                                                                                                                              
      9600                                                                                                                                                                                              
     19200                                                                                                                                                                                              
     15000                                                                                                                                                                                              
     35700                                                                                                                                                                                              
     15000                                                                                                                                                                                              
     34200                                                                                                                                                                                              
     29400                                                                                                                                                                                              
     36000                                                                                                                                                                                              
     60000                                                                                                                                                                                              
     18000                                                                                                                                                                                              
     13200                                                                                                                                                                                              
     11400                                                                                                                                                                                              
     36000                                                                                                                                                                                              
     15600                                                                                                                                                                                              

14 rows selected.

SQL> -- WAQTD INCREEMENT OF RS. 300 IN SAL OF AN EMPLOYEE
SQL> -- WAQTD DECREEMENT OF 20% IN SALARY OF EMPLOYEE
SQL> SELECT SAL + 300
  2  FROM EMP ;

   SAL+300                                                                                                                                                                                              
----------                                                                                                                                                                                              
      1100                                                                                                                                                                                              
      1900                                                                                                                                                                                              
      1550                                                                                                                                                                                              
      3275                                                                                                                                                                                              
      1550                                                                                                                                                                                              
      3150                                                                                                                                                                                              
      2750                                                                                                                                                                                              
      3300                                                                                                                                                                                              
      5300                                                                                                                                                                                              
      1800                                                                                                                                                                                              
      1400                                                                                                                                                                                              
      1250                                                                                                                                                                                              
      3300                                                                                                                                                                                              
      1600                                                                                                                                                                                              

14 rows selected.

SQL> SELECT SAL - (SAL * 20)/100
  2  FROM EMP ;

SAL-(SAL*20)/100                                                                                                                                                                                        
----------------                                                                                                                                                                                        
             640                                                                                                                                                                                        
            1280                                                                                                                                                                                        
            1000                                                                                                                                                                                        
            2380                                                                                                                                                                                        
            1000                                                                                                                                                                                        
            2280                                                                                                                                                                                        
            1960                                                                                                                                                                                        
            2400                                                                                                                                                                                        
            4000                                                                                                                                                                                        
            1200                                                                                                                                                                                        
             880                                                                                                                                                                                        
             760                                                                                                                                                                                        
            2400                                                                                                                                                                                        
            1040                                                                                                                                                                                        

14 rows selected.

SQL> -- WAQTD INCREEMENT OF 50% OF SALARY IN ANNUAL SALARY OF EMPLOYEE
SQL> SELECT (SAL *12)  + (SAL * 12) * 50/100
  2  FROM EMP;

(SAL*12)+(SAL*12)*50/100                                                                                                                                                                                
------------------------                                                                                                                                                                                
                   14400                                                                                                                                                                                
                   28800                                                                                                                                                                                
                   22500                                                                                                                                                                                
                   53550                                                                                                                                                                                
                   22500                                                                                                                                                                                
                   51300                                                                                                                                                                                
                   44100                                                                                                                                                                                
                   54000                                                                                                                                                                                
                   90000                                                                                                                                                                                
                   27000                                                                                                                                                                                
                   19800                                                                                                                                                                                
                   17100                                                                                                                                                                                
                   54000                                                                                                                                                                                
                   23400                                                                                                                                                                                

14 rows selected.

SQL> SELECT (SAL * 12 ) + (SAL * 50/100)
  2  FROM EMP ;

(SAL*12)+(SAL*50/100)                                                                                                                                                                                   
---------------------                                                                                                                                                                                   
                10000                                                                                                                                                                                   
                20000                                                                                                                                                                                   
                15625                                                                                                                                                                                   
              37187.5                                                                                                                                                                                   
                15625                                                                                                                                                                                   
                35625                                                                                                                                                                                   
                30625                                                                                                                                                                                   
                37500                                                                                                                                                                                   
                62500                                                                                                                                                                                   
                18750                                                                                                                                                                                   
                13750                                                                                                                                                                                   
                11875                                                                                                                                                                                   
                37500                                                                                                                                                                                   
                16250                                                                                                                                                                                   

14 rows selected.

SQL> -- WAQTD DETAILS OF AN EMPLOYEE ALONG WITH THAT DISPLAY ANNUAL SALARY OF EMPLOYEE
SQL> -- WAQTD TOTAL SALARY EARN BY EACH EMPLOYEE
SQL> SELECT E.* , SAL * 12
  2  FROM EMP E ;

     EMPNO ENAME      JOB              MGR HIREDATE         SAL       COMM     DEPTNO     SAL*12                                                                                                        
---------- ---------- --------- ---------- --------- ---------- ---------- ---------- ----------                                                                                                        
      7369 SMITH      CLERK           7902 17-DEC-80        800                    20       9600                                                                                                        
      7499 ALLEN      SALESMAN        7698 20-FEB-81       1600        300         30      19200                                                                                                        
      7521 WARD       SALESMAN        7698 22-FEB-81       1250        500         30      15000                                                                                                        
      7566 JONES      MANAGER         7839 02-APR-81       2975                    20      35700                                                                                                        
      7654 MARTIN     SALESMAN        7698 28-SEP-81       1250       1400         30      15000                                                                                                        
      7698 BLAKE      MANAGER         7839 01-MAY-81       2850                    30      34200                                                                                                        
      7782 CLARK      MANAGER         7839 09-JUN-81       2450                    10      29400                                                                                                        
      7788 SCOTT      ANALYST         7566 19-APR-87       3000                    20      36000                                                                                                        
      7839 KING       PRESIDENT            17-NOV-81       5000                    10      60000                                                                                                        
      7844 TURNER     SALESMAN        7698 08-SEP-81       1500          0         30      18000                                                                                                        
      7876 ADAMS      CLERK           7788 23-MAY-87       1100                    20      13200                                                                                                        
      7900 JAMES      CLERK           7698 03-DEC-81        950                    30      11400                                                                                                        
      7902 FORD       ANALYST         7566 03-DEC-81       3000                    20      36000                                                                                                        
      7934 MILLER     CLERK           7782 23-JAN-82       1300                    10      15600                                                                                                        

14 rows selected.

SQL> SELECT E.* , SAL + COMM
  2  FROM EMP E ;

     EMPNO ENAME      JOB              MGR HIREDATE         SAL       COMM     DEPTNO   SAL+COMM                                                                                                        
---------- ---------- --------- ---------- --------- ---------- ---------- ---------- ----------                                                                                                        
      7369 SMITH      CLERK           7902 17-DEC-80        800                    20                                                                                                                   
      7499 ALLEN      SALESMAN        7698 20-FEB-81       1600        300         30       1900                                                                                                        
      7521 WARD       SALESMAN        7698 22-FEB-81       1250        500         30       1750                                                                                                        
      7566 JONES      MANAGER         7839 02-APR-81       2975                    20                                                                                                                   
      7654 MARTIN     SALESMAN        7698 28-SEP-81       1250       1400         30       2650                                                                                                        
      7698 BLAKE      MANAGER         7839 01-MAY-81       2850                    30                                                                                                                   
      7782 CLARK      MANAGER         7839 09-JUN-81       2450                    10                                                                                                                   
      7788 SCOTT      ANALYST         7566 19-APR-87       3000                    20                                                                                                                   
      7839 KING       PRESIDENT            17-NOV-81       5000                    10                                                                                                                   
      7844 TURNER     SALESMAN        7698 08-SEP-81       1500          0         30       1500                                                                                                        
      7876 ADAMS      CLERK           7788 23-MAY-87       1100                    20                                                                                                                   
      7900 JAMES      CLERK           7698 03-DEC-81        950                    30                                                                                                                   
      7902 FORD       ANALYST         7566 03-DEC-81       3000                    20                                                                                                                   
      7934 MILLER     CLERK           7782 23-JAN-82       1300                    10                                                                                                                   

14 rows selected.

SQL> SPOOL OFF
SQL> -------------------------------------------------------------------------------------
SQL> Select emp.* , sal * 12
  2  from emp ;

     EMPNO ENAME      JOB              MGR HIREDATE         SAL       COMM     DEPTNO     SAL*12                                                                                                        
---------- ---------- --------- ---------- --------- ---------- ---------- ---------- ----------                                                                                                        
      7369 SMITH      CLERK           7902 17-DEC-80        800                    20       9600                                                                                                        
      7499 ALLEN      SALESMAN        7698 20-FEB-81       1600        300         30      19200                                                                                                        
      7521 WARD       SALESMAN        7698 22-FEB-81       1250        500         30      15000                                                                                                        
      7566 JONES      MANAGER         7839 02-APR-81       2975                    20      35700                                                                                                        
      7654 MARTIN     SALESMAN        7698 28-SEP-81       1250       1400         30      15000                                                                                                        
      7698 BLAKE      MANAGER         7839 01-MAY-81       2850                    30      34200                                                                                                        
      7782 CLARK      MANAGER         7839 09-JUN-81       2450                    10      29400                                                                                                        
      7788 SCOTT      ANALYST         7566 19-APR-87       3000                    20      36000                                                                                                        
      7839 KING       PRESIDENT            17-NOV-81       5000                    10      60000                                                                                                        
      7844 TURNER     SALESMAN        7698 08-SEP-81       1500          0         30      18000                                                                                                        
      7876 ADAMS      CLERK           7788 23-MAY-87       1100                    20      13200                                                                                                        
      7900 JAMES      CLERK           7698 03-DEC-81        950                    30      11400                                                                                                        
      7902 FORD       ANALYST         7566 03-DEC-81       3000                    20      36000                                                                                                        
      7934 MILLER     CLERK           7782 23-JAN-82       1300                    10      15600                                                                                                        

14 rows selected.

SQL> Select emp.* ,  SAL + COMM
  2  FROM EMP ;

     EMPNO ENAME      JOB              MGR HIREDATE         SAL       COMM     DEPTNO   SAL+COMM                                                                                                        
---------- ---------- --------- ---------- --------- ---------- ---------- ---------- ----------                                                                                                        
      7369 SMITH      CLERK           7902 17-DEC-80        800                    20                                                                                                                   
      7499 ALLEN      SALESMAN        7698 20-FEB-81       1600        300         30       1900                                                                                                        
      7521 WARD       SALESMAN        7698 22-FEB-81       1250        500         30       1750                                                                                                        
      7566 JONES      MANAGER         7839 02-APR-81       2975                    20                                                                                                                   
      7654 MARTIN     SALESMAN        7698 28-SEP-81       1250       1400         30       2650                                                                                                        
      7698 BLAKE      MANAGER         7839 01-MAY-81       2850                    30                                                                                                                   
      7782 CLARK      MANAGER         7839 09-JUN-81       2450                    10                                                                                                                   
      7788 SCOTT      ANALYST         7566 19-APR-87       3000                    20                                                                                                                   
      7839 KING       PRESIDENT            17-NOV-81       5000                    10                                                                                                                   
      7844 TURNER     SALESMAN        7698 08-SEP-81       1500          0         30       1500                                                                                                        
      7876 ADAMS      CLERK           7788 23-MAY-87       1100                    20                                                                                                                   
      7900 JAMES      CLERK           7698 03-DEC-81        950                    30                                                                                                                   
      7902 FORD       ANALYST         7566 03-DEC-81       3000                    20                                                                                                                   
      7934 MILLER     CLERK           7782 23-JAN-82       1300                    10                                                                                                                   

14 rows selected.

SQL> SELECT SAL , COMM ,SAL+ COMM
  2  FROM EMP ;

       SAL       COMM   SAL+COMM                                                                                                                                                                        
---------- ---------- ----------                                                                                                                                                                        
       800                                                                                                                                                                                              
      1600        300       1900                                                                                                                                                                        
      1250        500       1750                                                                                                                                                                        
      2975                                                                                                                                                                                              
      1250       1400       2650                                                                                                                                                                        
      2850                                                                                                                                                                                              
      2450                                                                                                                                                                                              
      3000                                                                                                                                                                                              
      5000                                                                                                                                                                                              
      1500          0       1500                                                                                                                                                                        
      1100                                                                                                                                                                                              
       950                                                                                                                                                                                              
      3000                                                                                                                                                                                              
      1300                                                                                                                                                                                              

14 rows selected.

SQL> select sal + NVL(COMM , 0)
  2  FROM EMP ;

SAL+NVL(COMM,0)                                                                                                                                                                                         
---------------                                                                                                                                                                                         
            800                                                                                                                                                                                         
           1900                                                                                                                                                                                         
           1750                                                                                                                                                                                         
           2975                                                                                                                                                                                         
           2650                                                                                                                                                                                         
           2850                                                                                                                                                                                         
           2450                                                                                                                                                                                         
           3000                                                                                                                                                                                         
           5000                                                                                                                                                                                         
           1500                                                                                                                                                                                         
           1100                                                                                                                                                                                         
            950                                                                                                                                                                                         
           3000                                                                                                                                                                                         
           1300                                                                                                                                                                                         

14 rows selected.

SQL> -- ALIAS
SQL> SELECT SAL*12 AS "ANNUAL SALARY"
  2  FROM EMP ;

ANNUAL SALARY                                                                                                                                                                                           
-------------                                                                                                                                                                                           
         9600                                                                                                                                                                                           
        19200                                                                                                                                                                                           
        15000                                                                                                                                                                                           
        35700                                                                                                                                                                                           
        15000                                                                                                                                                                                           
        34200                                                                                                                                                                                           
        29400                                                                                                                                                                                           
        36000                                                                                                                                                                                           
        60000                                                                                                                                                                                           
        18000                                                                                                                                                                                           
        13200                                                                                                                                                                                           
        11400                                                                                                                                                                                           
        36000                                                                                                                                                                                           
        15600                                                                                                                                                                                           

14 rows selected.

SQL> SELECT SAL *12 AS ANNUAL_SALARY
  2  FROM EMP ;

ANNUAL_SALARY                                                                                                                                                                                           
-------------                                                                                                                                                                                           
         9600                                                                                                                                                                                           
        19200                                                                                                                                                                                           
        15000                                                                                                                                                                                           
        35700                                                                                                                                                                                           
        15000                                                                                                                                                                                           
        34200                                                                                                                                                                                           
        29400                                                                                                                                                                                           
        36000                                                                                                                                                                                           
        60000                                                                                                                                                                                           
        18000                                                                                                                                                                                           
        13200                                                                                                                                                                                           
        11400                                                                                                                                                                                           
        36000                                                                                                                                                                                           
        15600                                                                                                                                                                                           

14 rows selected.

SQL> SELECT SAL *12 "ANNUAL SALARY"
  2  FROM EMP ;

ANNUAL SALARY                                                                                                                                                                                           
-------------                                                                                                                                                                                           
         9600                                                                                                                                                                                           
        19200                                                                                                                                                                                           
        15000                                                                                                                                                                                           
        35700                                                                                                                                                                                           
        15000                                                                                                                                                                                           
        34200                                                                                                                                                                                           
        29400                                                                                                                                                                                           
        36000                                                                                                                                                                                           
        60000                                                                                                                                                                                           
        18000                                                                                                                                                                                           
        13200                                                                                                                                                                                           
        11400                                                                                                                                                                                           
        36000                                                                                                                                                                                           
        15600                                                                                                                                                                                           

14 rows selected.

SQL> SELECT SAL *12 ANNUAL_SALARY
  2  FROM EMP ;

ANNUAL_SALARY                                                                                                                                                                                           
-------------                                                                                                                                                                                           
         9600                                                                                                                                                                                           
        19200                                                                                                                                                                                           
        15000                                                                                                                                                                                           
        35700                                                                                                                                                                                           
        15000                                                                                                                                                                                           
        34200                                                                                                                                                                                           
        29400                                                                                                                                                                                           
        36000                                                                                                                                                                                           
        60000                                                                                                                                                                                           
        18000                                                                                                                                                                                           
        13200                                                                                                                                                                                           
        11400                                                                                                                                                                                           
        36000                                                                                                                                                                                           
        15600                                                                                                                                                                                           

14 rows selected.

SQL> SPOOL OFF
SQL> -- WAQTD DETAILS OF AN EMPLOYEE IF EMPLOYEE IS WORKING IN DEPARTMENT 20
SQL> SELECT EMP.*
  2  FROM EMP
  3  WHERE DEPTNO=20 ;

     EMPNO ENAME      JOB              MGR HIREDATE         SAL       COMM      
---------- ---------- --------- ---------- --------- ---------- ----------      
    DEPTNO                                                                      
----------                                                                      
      7369 SMITH      CLERK           7902 17-DEC-80        800                 
        20                                                                      
                                                                                
      7566 JONES      MANAGER         7839 02-APR-81       2975                 
        20                                                                      
                                                                                
      7788 SCOTT      ANALYST         7566 19-APR-87       3000                 
        20                                                                      
                                                                                

     EMPNO ENAME      JOB              MGR HIREDATE         SAL       COMM      
---------- ---------- --------- ---------- --------- ---------- ----------      
    DEPTNO                                                                      
----------                                                                      
      7876 ADAMS      CLERK           7788 23-MAY-87       1100                 
        20                                                                      
                                                                                
      7902 FORD       ANALYST         7566 03-DEC-81       3000                 
        20                                                                      
                                                                                

SQL> SET PAGES 200 SET LINES 200
SP2-0158: unknown SET option "SET"
SQL> SET LINES 200 PAGES 200
SQL> SELECT EMP.*
  2  FROM EMP
  3  WHERE DEPTNO=20 ;

     EMPNO ENAME      JOB              MGR HIREDATE         SAL       COMM     DEPTNO                                                                                                                   
---------- ---------- --------- ---------- --------- ---------- ---------- ----------                                                                                                                   
      7369 SMITH      CLERK           7902 17-DEC-80        800                    20                                                                                                                   
      7566 JONES      MANAGER         7839 02-APR-81       2975                    20                                                                                                                   
      7788 SCOTT      ANALYST         7566 19-APR-87       3000                    20                                                                                                                   
      7876 ADAMS      CLERK           7788 23-MAY-87       1100                    20                                                                                                                   
      7902 FORD       ANALYST         7566 03-DEC-81       3000                    20                                                                                                                   

SQL> -- WAQTD DETAILS OF AN EMPLOYEE IF EMPLOYEE IS WORKING AS A MANAGER
SQL> SELECT *
  2  FROM EMP
  3  WHERE JOB='MANAGER' ;

     EMPNO ENAME      JOB              MGR HIREDATE         SAL       COMM     DEPTNO                                                                                                                   
---------- ---------- --------- ---------- --------- ---------- ---------- ----------                                                                                                                   
      7566 JONES      MANAGER         7839 02-APR-81       2975                    20                                                                                                                   
      7698 BLAKE      MANAGER         7839 01-MAY-81       2850                    30                                                                                                                   
      7782 CLARK      MANAGER         7839 09-JUN-81       2450                    10                                                                                                                   

SQL> -- WAQTD DETAILS OF AN EMPLOYEE IF EMPLOYEE IS EARNING MORE THAN 2000 .
SQL> SELECT *
  2  FROM EMP
  3  WHERE SAL > 2000 ;

     EMPNO ENAME      JOB              MGR HIREDATE         SAL       COMM     DEPTNO                                                                                                                   
---------- ---------- --------- ---------- --------- ---------- ---------- ----------                                                                                                                   
      7566 JONES      MANAGER         7839 02-APR-81       2975                    20                                                                                                                   
      7698 BLAKE      MANAGER         7839 01-MAY-81       2850                    30                                                                                                                   
      7782 CLARK      MANAGER         7839 09-JUN-81       2450                    10                                                                                                                   
      7788 SCOTT      ANALYST         7566 19-APR-87       3000                    20                                                                                                                   
      7839 KING       PRESIDENT            17-NOV-81       5000                    10                                                                                                                   
      7902 FORD       ANALYST         7566 03-DEC-81       3000                    20                                                                                                                   

6 rows selected.

SQL> -- WAQTD NAME , JOB , HIREDATE OF EMPLOYEE IF EMPLOYEE IS HIRED BEFORE 86 .
SQL> SELECT ENAME , JOB , HIREDATE
  2  FROM EMP
  3  WHERE HIREDATE < '01-JAN-87' ;

ENAME      JOB       HIREDATE                                                                                                                                                                           
---------- --------- ---------                                                                                                                                                                          
SMITH      CLERK     17-DEC-80                                                                                                                                                                          
ALLEN      SALESMAN  20-FEB-81                                                                                                                                                                          
WARD       SALESMAN  22-FEB-81                                                                                                                                                                          
JONES      MANAGER   02-APR-81                                                                                                                                                                          
MARTIN     SALESMAN  28-SEP-81                                                                                                                                                                          
BLAKE      MANAGER   01-MAY-81                                                                                                                                                                          
CLARK      MANAGER   09-JUN-81                                                                                                                                                                          
KING       PRESIDENT 17-NOV-81                                                                                                                                                                          
TURNER     SALESMAN  08-SEP-81                                                                                                                                                                          
JAMES      CLERK     03-DEC-81                                                                                                                                                                          
FORD       ANALYST   03-DEC-81                                                                                                                                                                          
MILLER     CLERK     23-JAN-82                                                                                                                                                                          

12 rows selected.

SQL> SELECT *
  2  FROM EMP ;

     EMPNO ENAME      JOB              MGR HIREDATE         SAL       COMM     DEPTNO                                                                                                                   
---------- ---------- --------- ---------- --------- ---------- ---------- ----------                                                                                                                   
      7369 SMITH      CLERK           7902 17-DEC-80        800                    20                                                                                                                   
      7499 ALLEN      SALESMAN        7698 20-FEB-81       1600        300         30                                                                                                                   
      7521 WARD       SALESMAN        7698 22-FEB-81       1250        500         30                                                                                                                   
      7566 JONES      MANAGER         7839 02-APR-81       2975                    20                                                                                                                   
      7654 MARTIN     SALESMAN        7698 28-SEP-81       1250       1400         30                                                                                                                   
      7698 BLAKE      MANAGER         7839 01-MAY-81       2850                    30                                                                                                                   
      7782 CLARK      MANAGER         7839 09-JUN-81       2450                    10                                                                                                                   
      7788 SCOTT      ANALYST         7566 19-APR-87       3000                    20                                                                                                                   
      7839 KING       PRESIDENT            17-NOV-81       5000                    10                                                                                                                   
      7844 TURNER     SALESMAN        7698 08-SEP-81       1500          0         30                                                                                                                   
      7876 ADAMS      CLERK           7788 23-MAY-87       1100                    20                                                                                                                   
      7900 JAMES      CLERK           7698 03-DEC-81        950                    30                                                                                                                   
      7902 FORD       ANALYST         7566 03-DEC-81       3000                    20                                                                                                                   
      7934 MILLER     CLERK           7782 23-JAN-82       1300                    10                                                                                                                   

14 rows selected.

SQL> SELECT ENAME , JOB , HIREDATE
  2  FROM EMP
  3  WHERE HIREDATE < '01-JAN-86' ;

ENAME      JOB       HIREDATE                                                                                                                                                                           
---------- --------- ---------                                                                                                                                                                          
SMITH      CLERK     17-DEC-80                                                                                                                                                                          
ALLEN      SALESMAN  20-FEB-81                                                                                                                                                                          
WARD       SALESMAN  22-FEB-81                                                                                                                                                                          
JONES      MANAGER   02-APR-81                                                                                                                                                                          
MARTIN     SALESMAN  28-SEP-81                                                                                                                                                                          
BLAKE      MANAGER   01-MAY-81                                                                                                                                                                          
CLARK      MANAGER   09-JUN-81                                                                                                                                                                          
KING       PRESIDENT 17-NOV-81                                                                                                                                                                          
TURNER     SALESMAN  08-SEP-81                                                                                                                                                                          
JAMES      CLERK     03-DEC-81                                                                                                                                                                          
FORD       ANALYST   03-DEC-81                                                                                                                                                                          
MILLER     CLERK     23-JAN-82                                                                                                                                                                          

12 rows selected.

SQL> ED
Wrote file afiedt.buf

  1  SELECT ENAME , JOB , HIREDATE
  2  FROM EMP
  3* WHERE HIREDATE < '01-JAN-86' 
SQL> 
SQL> exit
