SQL> SELECT *
  2  FROM EMP;

     EMPNO ENAME      JOB              MGR HIREDATE         SAL       COMM     DEPTNO                                                                                                                   
---------- ---------- --------- ---------- --------- ---------- ---------- ----------                                                                                                                   
      7369 SMITH      CLERK           7902 17-DEC-80        800                    20                                                                                                                   
      7499 ALLEN      SALESMAN        7698 20-FEB-81       1600        300         30                                                                                                                   
      7521 WARD       SALESMAN        7698 22-FEB-81       1250        500         30                                                                                                                   
      7566 JONES      MANAGER         7839 02-APR-81       2975                    20                                                                                                                   
      7654 MARTIN     SALESMAN        7698 28-SEP-81       1250       1400         30                                                                                                                   
      7698 BLAKE      MANAGER         7839 01-MAY-81       2850                    30                                                                                                                   
      7782 CLARK      MANAGER         7839 09-JUN-81       2450                    10                                                                                                                   
      7788 SCOTT      ANALYST         7566 19-APR-87       3000                    20                                                                                                                   
      7839 KING       PRESIDENT            17-NOV-81       5000                    10                                                                                                                   
      7844 TURNER     SALESMAN        7698 08-SEP-81       1500          0         30                                                                                                                   
      7876 ADAMS      CLERK           7788 23-MAY-87       1100                    20                                                                                                                   
      7900 JAMES      CLERK           7698 03-DEC-81        950                    30                                                                                                                   
      7902 FORD       ANALYST         7566 03-DEC-81       3000                    20                                                                                                                   
      7934 MILLER     CLERK           7782 23-JAN-82       1300                    10                                                                                                                   

14 rows selected.

SQL> -- 1. WAQTD Number of Employees getting salary less than 2000 in deptno 10
SQL> Select count(*)
  2  from EMP
  3  where SAL < 2000 AND deptno = 10 ;

  COUNT(*)                                                                                                                                                                                              
----------                                                                                                                                                                                              
         1                                                                                                                                                                                              

SQL> -- 2. WAQTD Total Salary needed to pay Employees working as Clerk
SQL> Select count(*)
  2  ed
  3  
SQL> ed
Wrote file afiedt.buf

  1  Select sum(sal)
  2  From EMP
  3* where job = 'CLERK' ;
SQL> /
where job = 'CLERK' ;
                    *
ERROR at line 3:
ORA-00911: invalid character 


SQL> SELECT SUM(SAL)
  2  FROM EMP
  3  WHERE JOB='CLERK' ;

  SUM(SAL)                                                                                                                                                                                              
----------                                                                                                                                                                                              
      4150                                                                                                                                                                                              

SQL> -- 3. WAQTD Average Salary needed to pay all the employees
SQL> Select AVG(SAL)
  2  from EMP ;

  AVG(SAL)                                                                                                                                                                                              
----------                                                                                                                                                                                              
2073.21429                                                                                                                                                                                              

SQL> --4. WAQTD Number of Employees having 'A' As their first Character
SQL> SELECT COUNT(*)
  2  FROM EMP
  3  WHERE ENAME LIKE '%A' ;

  COUNT(*)                                                                                                                                                                                              
----------                                                                                                                                                                                              
         0                                                                                                                                                                                              

SQL> ED
Wrote file afiedt.buf

  1  SELECT COUNT(*)
  2  FROM EMP
  3* WHERE ENAME LIKE 'A%' 
SQL> /

  COUNT(*)                                                                                                                                                                                              
----------                                                                                                                                                                                              
         2                                                                                                                                                                                              

SQL> -- 5. WAQTD NUMBER OF EMPLOYEES WORKING AS A CLERK OR MANAGER
SQL> SELECT COUNT(*)
  2  FROM EMO
  3  
SQL> ED
Wrote file afiedt.buf

  1  SELECT COUNT(*)
  2  FROM EMP
  3* WHERE JOB= 'MANAGER' OR JOB = 'CLERK' ;
SQL> /
WHERE JOB= 'MANAGER' OR JOB = 'CLERK' ;
                                      *
ERROR at line 3:
ORA-00911: invalid character 


SQL> SELECT COUNT(*)
  2  FROM EMP
  3  WHERE JOB='MANAGER' OR JOB='CLERK';

  COUNT(*)                                                                                                                                                                                              
----------                                                                                                                                                                                              
         7                                                                                                                                                                                              

SQL> -- 6. WAQTD Total Salary needed to pay Employees Hired in FEB.
SQL> SELECT SUM(SAL)
  2  FROM EMP
  3  WHERE HIREDATE<='29-02-81' AND HIREDATE>='31-01-81' ;
WHERE HIREDATE<='29-02-81' AND HIREDATE>='31-01-81' 
                *
ERROR at line 3:
ORA-01843: not a valid month 


SQL> ED
Wrote file afiedt.buf

  1  SELECT SUM(SAL)
  2  FROM EMP
  3* WHERE HIREDATE<='29-FEB-81' AND HIREDATE>='31-JAN-81' 
SQL> /
WHERE HIREDATE<='29-FEB-81' AND HIREDATE>='31-JAN-81' 
                *
ERROR at line 3:
ORA-01839: date not valid for month specified 


SQL> ED
Wrote file afiedt.buf

  1  SELECT SUM(SAL)
  2  FROM EMP
  3* WHERE HIREDATE<='28-FEB-81' AND HIREDATE>='31-JAN-81' 
SQL> /

  SUM(SAL)                                                                                                                                                                                              
----------                                                                                                                                                                                              
      2850                                                                                                                                                                                              

SQL> -- 7. WAQTD NUMBER OF EMPLOYEES REPORTING TO 7839(MGR).
SQL> SELECT COUNT(*)
  2  FROM EMP
  3  WHERE MGR=7839;

  COUNT(*)                                                                                                                                                                                              
----------                                                                                                                                                                                              
         3                                                                                                                                                                                              

SQL> -- 8. WAQTD NUMBER OF EMPLOYEES GETTING COMMISSION IN DEPT 30
SQL> SELECT COUNT(*)
  2  FROM EMP
  3  WHERE COMM IS NOT NULL ;

  COUNT(*)                                                                                                                                                                                              
----------                                                                                                                                                                                              
         4                                                                                                                                                                                              

SQL> -- 9. WAQTD AVG SAL,TOTAL SAL , NUMBER OF EMPS AND MAXIMUM SALARY GIVEN TO EMPLOYEE WORKING AS PRESIDENT
SQL> SELECT AVG(SAL) , SUM(SAL) , COUNT(*) , MAX(SAL)
  2  FROM EMP
  3  WHERE JOB='PRESIDENT' ;

  AVG(SAL)   SUM(SAL)   COUNT(*)   MAX(SAL)                                                                                                                                                             
---------- ---------- ---------- ----------                                                                                                                                                             
      5000       5000          1       5000                                                                                                                                                             

SQL> -- 10 . WAQTD NUMBER OF EMPLOYEES HAVING 'A' IN THEIR NAMES .
SQL> SELECT COUNT(*)
  2  FROM EMP
  3  WHERE ENAME LIKE '%A%;
ERROR:
ORA-01756: quoted string not properly terminated 


SQL> ED
Wrote file afiedt.buf

  1  SELECT COUNT(*)
  2  FROM EMP
  3* WHERE ENAME LIKE '%A%'
SQL> /

  COUNT(*)                                                                                                                                                                                              
----------                                                                                                                                                                                              
         7                                                                                                                                                                                              

SQL> -- 11. WAQTD NUMBER OF EMPS AND TOTAL SALARY NEEDED TO PAY THE EMPLOYEES WHO HAVE 2 CONSECUTIVE L'S IN THEIR NAMES.
SQL> SELECT COUNT(*)
  2  FROM EMP
  3  WHERE ENAME LIKE '%LL%' ;

  COUNT(*)                                                                                                                                                                                              
----------                                                                                                                                                                                              
         2                                                                                                                                                                                              

SQL> -- 12. WAQTD NUMBER OF DEPARTMENTS PRESENT IN EMPLOYEE TABLE .
SQL> SELECT COUNT(DEPTNO)
  2  FROM EMP ;

COUNT(DEPTNO)                                                                                                                                                                                           
-------------                                                                                                                                                                                           
           14                                                                                                                                                                                           

SQL> SELECT COUNT(DISTINCT DEPTNO)
  2  FROM EMP ;

COUNT(DISTINCTDEPTNO)                                                                                                                                                                                   
---------------------                                                                                                                                                                                   
                    3                                                                                                                                                                                   

SQL> -- 13. WAQTD NUMBER OF EMPLOYEES HAVING CHARACTER 'Z' IN THEIR NAMES
SQL> SELECT COUNT(*)
  2  FROM EMP
  3  WHERE ENAME LIKE '%Z' ;

  COUNT(*)                                                                                                                                                                                              
----------                                                                                                                                                                                              
         0                                                                                                                                                                                              

SQL> -- 14. WAQTD NO.OF EMPS  HAVING $ IN THEIR  NAMES
SQL> SELECT COUNT(*)
  2  FROM EMP
  3  WHERE ENAME LIKE '%$' ;

  COUNT(*)                                                                                                                                                                                              
----------                                                                                                                                                                                              
         0                                                                                                                                                                                              

SQL> --15. WAQTD TOTAL SALARY GIVEN TO THE EMPLOYEES WORKING AS CLERK IN DEPT 30 .
SQL> SELECT SUM(SAL)
  2  FROM EMP
  3  WHERE JOB='CLERK' AND DEPTNO=30;

  SUM(SAL)                                                                                                                                                                                              
----------                                                                                                                                                                                              
       950                                                                                                                                                                                              

SQL> -- 16. WAQTD MAXIMUM SALARY GIVEN TO THE EMPLOYEES WORKING AS ANALYST.
SQL> SELECT MAX(SAL)
  2  FROM EMP
  3  WHERE JOB='ANALYST' ;

  MAX(SAL)                                                                                                                                                                                              
----------                                                                                                                                                                                              
      3000                                                                                                                                                                                              

SQL> -- 17. WAQTD NUMBER OF DISTINCT SALARIES PRESENTS IN EMPLOYEE TABLE.
SQL> SELECT COUNT(DISTINCT SAL)
  2  FROM EMP ;

COUNT(DISTINCTSAL)                                                                                                                                                                                      
------------------                                                                                                                                                                                      
                12                                                                                                                                                                                      

SQL> -- 18. WAQTD NUMBER OF JOBS PRESENT IN EMPLOYEE TABLE
SQL> SELECT COUNT(JOB)
  2  FROM EMP ;

COUNT(JOB)                                                                                                                                                                                              
----------                                                                                                                                                                                              
        14                                                                                                                                                                                              

SQL> ED
Wrote file afiedt.buf

  1  SELECT COUNT(DISTINCT JOB)
  2* FROM EMP 
SQL> /

COUNT(DISTINCTJOB)                                                                                                                                                                                      
------------------                                                                                                                                                                                      
                 5                                                                                                                                                                                      

SQL> -- 19. WAQTD AVG SALARY GIVEN TO THE CLERK.
SQL> SELECT AVG(SAL)
  2  FROM EMP
  3  WHERE JOB='CLERK' L
  4  ;
WHERE JOB='CLERK' L
                  *
ERROR at line 3:
ORA-00933: SQL command not properly ended 


SQL> ED
Wrote file afiedt.buf

  1  SELECT AVG(SAL)
  2  FROM EMP
  3* WHERE JOB='CLERK' ;
  4  /
WHERE JOB='CLERK' ;
                  *
ERROR at line 3:
ORA-00911: invalid character 


SQL> ED
Wrote file afiedt.buf

  1  SELECT AVG(SAL)
  2  FROM EMP
  3* WHERE JOB='CLERK' 
SQL> /

  AVG(SAL)                                                                                                                                                                                              
----------                                                                                                                                                                                              
    1037.5                                                                                                                                                                                              

SQL> -- 20. WAQTD MINIMUM SALARY GIVEN TO THE EMPLOYEES WHO WORK IN DEPT 10 AS MANAGER OR CLERK .
SQL> SELECT MIN(SAL)
  2  FROM EMP
  3  WHERE DEPTNO=10 AND JOB='MANAGER' OR JOB='CLERK' L
  4  
SQL> 
SQL> ED
Wrote file afiedt.buf

  1  SELECT MIN(SAL)
  2  FROM EMP
  3* WHERE DEPTNO=10 AND JOB='MANAGER' OR JOB='CLERK' 
SQL> /

  MIN(SAL)                                                                                                                                                                                              
----------                                                                                                                                                                                              
       800                                                                                                                                                                                              

SQL> -- MULTI ROW FUNCTION ASSIGNMENT COMPLETED SUCCESSFULLY.

