SQL> ; 1. WAQTD NAME OF ALL THE EMPLOYEE 
SP2-0734: unknown command beginning "; 1. WAQTD..." - rest of line ignored.
SQL> -- 1. WAQTD THE NAME OF ALL THE EMPLOYEE 
SQL> SELECT * FROM EMP ;

     EMPNO ENAME      JOB              MGR HIREDATE         SAL       COMM
---------- ---------- --------- ---------- --------- ---------- ----------
    DEPTNO
----------
      7369 SMITH      CLERK           7902 17-DEC-80        800
        20

      7499 ALLEN      SALESMAN        7698 20-FEB-81       1600        300
        30

      7521 WARD       SALESMAN        7698 22-FEB-81       1250        500
        30


     EMPNO ENAME      JOB              MGR HIREDATE         SAL       COMM
---------- ---------- --------- ---------- --------- ---------- ----------
    DEPTNO
----------
      7566 JONES      MANAGER         7839 02-APR-81       2975
        20

      7654 MARTIN     SALESMAN        7698 28-SEP-81       1250       1400
        30

      7698 BLAKE      MANAGER         7839 01-MAY-81       2850
        30


     EMPNO ENAME      JOB              MGR HIREDATE         SAL       COMM
---------- ---------- --------- ---------- --------- ---------- ----------
    DEPTNO
----------
      7782 CLARK      MANAGER         7839 09-JUN-81       2450
        10

      7788 SCOTT      ANALYST         7566 19-APR-87       3000
        20

      7839 KING       PRESIDENT            17-NOV-81       5000
        10


     EMPNO ENAME      JOB              MGR HIREDATE         SAL       COMM
---------- ---------- --------- ---------- --------- ---------- ----------
    DEPTNO
----------
      7844 TURNER     SALESMAN        7698 08-SEP-81       1500          0
        30

      7876 ADAMS      CLERK           7788 23-MAY-87       1100
        20

      7900 JAMES      CLERK           7698 03-DEC-81        950
        30


     EMPNO ENAME      JOB              MGR HIREDATE         SAL       COMM
---------- ---------- --------- ---------- --------- ---------- ----------
    DEPTNO
----------
      7902 FORD       ANALYST         7566 03-DEC-81       3000
        20

      7934 MILLER     CLERK           7782 23-JAN-82       1300
        10


14 rows selected.

SQL> SET PAGES 200 LINES 200 ;
SQL> SELECT * FROM EMP ;

     EMPNO ENAME      JOB              MGR HIREDATE         SAL       COMM     DEPTNO
---------- ---------- --------- ---------- --------- ---------- ---------- ----------
      7369 SMITH      CLERK           7902 17-DEC-80        800                    20
      7499 ALLEN      SALESMAN        7698 20-FEB-81       1600        300         30
      7521 WARD       SALESMAN        7698 22-FEB-81       1250        500         30
      7566 JONES      MANAGER         7839 02-APR-81       2975                    20
      7654 MARTIN     SALESMAN        7698 28-SEP-81       1250       1400         30
      7698 BLAKE      MANAGER         7839 01-MAY-81       2850                    30
      7782 CLARK      MANAGER         7839 09-JUN-81       2450                    10
      7788 SCOTT      ANALYST         7566 19-APR-87       3000                    20
      7839 KING       PRESIDENT            17-NOV-81       5000                    10
      7844 TURNER     SALESMAN        7698 08-SEP-81       1500          0         30
      7876 ADAMS      CLERK           7788 23-MAY-87       1100                    20
      7900 JAMES      CLERK           7698 03-DEC-81        950                    30
      7902 FORD       ANALYST         7566 03-DEC-81       3000                    20
      7934 MILLER     CLERK           7782 23-JAN-82       1300                    10

14 rows selected.

SQL> SELECT ENAME 
  2  FROM EMP ;

ENAME
----------
SMITH
ALLEN
WARD
JONES
MARTIN
BLAKE
CLARK
SCOTT
KING
TURNER
ADAMS
JAMES
FORD
MILLER

14 rows selected.

SQL> --2.  WAQTD DEPARTMENT NAME OF ALL THE DEPARTMENT 
SQL> SELECT * FROM DEPT ;

    DEPTNO DNAME          LOC
---------- -------------- -------------
        10 ACCOUNTING     NEW YORK
        20 RESEARCH       DALLAS
        30 SALES          CHICAGO
        40 OPERATIONS     BOSTON

SQL> SELECT DNAME FROM DEPT ;

DNAME
--------------
ACCOUNTING
RESEARCH
SALES
OPERATIONS

SQL> -- 3. WAQTD ENAME ,JOB AND SALARY OF ALL THE EMP 
SQL> SELECT ENAME , JOB , SAL FROM THE EMP ;
SELECT ENAME , JOB , SAL FROM THE EMP
                              *
ERROR at line 1:
ORA-00942: table or view does not exist


SQL> SELECT 
  2  ENAME , JOB , SAL 
  3  FROM EMP ;

ENAME      JOB              SAL
---------- --------- ----------
SMITH      CLERK            800
ALLEN      SALESMAN        1600
WARD       SALESMAN        1250
JONES      MANAGER         2975
MARTIN     SALESMAN        1250
BLAKE      MANAGER         2850
CLARK      MANAGER         2450
SCOTT      ANALYST         3000
KING       PRESIDENT       5000
TURNER     SALESMAN        1500
ADAMS      CLERK           1100
JAMES      CLERK            950
FORD       ANALYST         3000
MILLER     CLERK           1300

14 rows selected.

SQL> -- 4. WAQTD UNIQUE JOB , SAL FROM THE EMP ;
SQL> SELECT JOB,SAL
  2  FROM EMP ;

JOB              SAL
--------- ----------
CLERK            800
SALESMAN        1600
SALESMAN        1250
MANAGER         2975
SALESMAN        1250
MANAGER         2850
MANAGER         2450
ANALYST         3000
PRESIDENT       5000
SALESMAN        1500
CLERK           1100
CLERK            950
ANALYST         3000
CLERK           1300

14 rows selected.

SQL> SELECT DISTINCT JOB,SAL 
  2  FROM EMP ;

JOB              SAL
--------- ----------
CLERK           1300
SALESMAN        1600
SALESMAN        1250
CLERK            950
CLERK            800
MANAGER         2450
PRESIDENT       5000
ANALYST         3000
MANAGER         2850
MANAGER         2975
SALESMAN        1500
CLERK           1100

12 rows selected.

SQL> SELECT DISTINCT JOB 
  2  FROM EMP ;

JOB
---------
CLERK
SALESMAN
PRESIDENT
MANAGER
ANALYST

SQL> -- WAQTD UNIQUE DEPARTMENT OF EMPLOYESS 
SQL> SELECT DISTINCT DEPTNO 
  2  FROM EMP ;

    DEPTNO
----------
        30
        20
        10SQL> -- Show Tables
SQL> SELECT *
  2  FROM TAB ;

TNAME                          TABTYPE  CLUSTERID                               
------------------------------ ------- ----------                               
DEPT                           TABLE                                            
EMP                            TABLE                                            
BONUS                          TABLE                                            
SALGRADE                       TABLE                                            

SQL> SET PAGES 200 LINES 200
SQL> SELECT *
  2  FROM EMP
  3  ;

     EMPNO ENAME      JOB              MGR HIREDATE         SAL       COMM     DEPTNO                                                                                                                   
---------- ---------- --------- ---------- --------- ---------- ---------- ----------                                                                                                                   
      7369 SMITH      CLERK           7902 17-DEC-80        800                    20                                                                                                                   
      7499 ALLEN      SALESMAN        7698 20-FEB-81       1600        300         30                                                                                                                   
      7521 WARD       SALESMAN        7698 22-FEB-81       1250        500         30                                                                                                                   
      7566 JONES      MANAGER         7839 02-APR-81       2975                    20                                                                                                                   
      7654 MARTIN     SALESMAN        7698 28-SEP-81       1250       1400         30                                                                                                                   
      7698 BLAKE      MANAGER         7839 01-MAY-81       2850                    30                                                                                                                   
      7782 CLARK      MANAGER         7839 09-JUN-81       2450                    10                                                                                                                   
      7788 SCOTT      ANALYST         7566 19-APR-87       3000                    20                                                                                                                   
      7839 KING       PRESIDENT            17-NOV-81       5000                    10                                                                                                                   
      7844 TURNER     SALESMAN        7698 08-SEP-81       1500          0         30                                                                                                                   
      7876 ADAMS      CLERK           7788 23-MAY-87       1100                    20                                                                                                                   
      7900 JAMES      CLERK           7698 03-DEC-81        950                    30                                                                                                                   
      7902 FORD       ANALYST         7566 03-DEC-81       3000                    20                                                                                                                   
      7934 MILLER     CLERK           7782 23-JAN-82       1300                    10                                                                                                                   

14 rows selected.

SQL> SELECT *
  2  FROM DEPT ;

    DEPTNO DNAME          LOC                                                                                                                                                                           
---------- -------------- -------------                                                                                                                                                                 
        10 ACCOUNTING     NEW YORK                                                                                                                                                                      
        20 RESEARCH       DALLAS                                                                                                                                                                        
        30 SALES          CHICAGO                                                                                                                                                                       
        40 OPERATIONS     BOSTON                                                                                                                                                                        

SQL> SPOOL OFF
